<?xml version="1.0" encoding="UTF-8"?>
<!-- Generated by org.testng.reporters.JUnitReportReporter -->
<testsuite hostname="Chrisys-MacBook-Pro.fritz.box" failures="0" tests="2" name="com.crm.qa.testcases.Toy_homePage_test" time="11.496" errors="0" timestamp="25 Nov 2021 17:25:36 GMT" skipped="0">
  <testcase classname="com.crm.qa.testcases.Toy_homePage_test" name="contactPageTitleTest" time="3.877"/>
  <testcase classname="com.crm.qa.testcases.Toy_homePage_test" name="verifyContactLinkTest" time="7.619"/>
</testsuite> <!-- com.crm.qa.testcases.Toy_homePage_test -->
