<?xml version="1.0" encoding="UTF-8"?>
<!-- Generated by org.testng.reporters.JUnitReportReporter -->
<testsuite hostname="Chrisys-MacBook-Pro.fritz.box" failures="0" tests="9" name="com.crm.qa.testcases.Toy_ContactsPage_test" time="84.912" errors="0" timestamp="25 Nov 2021 17:25:36 GMT" skipped="0">
  <testcase classname="com.crm.qa.testcases.Toy_ContactsPage_test" name="ValidateSuccessfullSubmission" time="11.145"/>
  <testcase classname="com.crm.qa.testcases.Toy_ContactsPage_test" name="ValidateSuccessfullSubmission" time="7.750"/>
  <testcase classname="com.crm.qa.testcases.Toy_ContactsPage_test" name="ValidateSuccessfullSubmission" time="18.130"/>
  <testcase classname="com.crm.qa.testcases.Toy_ContactsPage_test" name="ValidateSuccessfullSubmission" time="19.833"/>
  <testcase classname="com.crm.qa.testcases.Toy_ContactsPage_test" name="ValidateSuccessfullSubmission" time="10.661"/>
  <testcase classname="com.crm.qa.testcases.Toy_ContactsPage_test" name="validateErrors" time="4.183"/>
  <testcase classname="com.crm.qa.testcases.Toy_ContactsPage_test" name="Populate_mandatory_filelds" time="4.981"/>
  <testcase classname="com.crm.qa.testcases.Toy_ContactsPage_test" name="Validate_Errors_Are_Gone" time="4.140"/>
  <testcase classname="com.crm.qa.testcases.Toy_ContactsPage_test" name="verifyContactsLinkTest" time="4.089"/>
</testsuite> <!-- com.crm.qa.testcases.Toy_ContactsPage_test -->
