<?xml version="1.0" encoding="UTF-8"?>
<!-- Generated by org.testng.reporters.JUnitReportReporter -->
<testsuite hostname="Chrisys-MBP.hub" failures="0" tests="4" name="com.jupitor.qa.testcases.ShopPageTest" time="22.819" errors="0" timestamp="28 Nov 2021 21:58:42 GMT" skipped="0">
  <testcase classname="com.jupitor.qa.testcases.ShopPageTest" name="ShopPage_TitleTest" time="4.733"/>
  <testcase classname="com.jupitor.qa.testcases.ShopPageTest" name="Validate_Buy_Animals_Test" time="5.657"/>
  <testcase classname="com.jupitor.qa.testcases.ShopPageTest" name="Validate_Price_for_each_product" time="6.803"/>
  <testcase classname="com.jupitor.qa.testcases.ShopPageTest" name="Each_Product_sub_total" time="5.626"/>
</testsuite> <!-- com.jupitor.qa.testcases.ShopPageTest -->
