<?xml version="1.0" encoding="UTF-8"?>
<!-- Generated by org.testng.reporters.JUnitReportReporter -->
<testsuite hostname="Chrisys-MBP.hub" failures="0" tests="1" name="com.jupitor.qa.testcases.Toy_homePage_test" time="7.571" errors="0" timestamp="28 Nov 2021 21:58:42 GMT" skipped="0">
  <testcase classname="com.jupitor.qa.testcases.Toy_homePage_test" name="contactPageTitleTest" time="7.571"/>
</testsuite> <!-- com.jupitor.qa.testcases.Toy_homePage_test -->
