<?xml version="1.0" encoding="UTF-8"?>
<!-- Generated by org.testng.reporters.JUnitReportReporter -->
<testsuite hostname="Chrisys-MBP.hub" failures="0" tests="6" name="com.jupitor.qa.testcases.Toy_ContactsPage_test" time="42.505" errors="0" timestamp="28 Nov 2021 21:58:42 GMT" skipped="0">
  <testcase classname="com.jupitor.qa.testcases.Toy_ContactsPage_test" name="ValidateSuccessfullSubmission" time="7.987"/>
  <testcase classname="com.jupitor.qa.testcases.Toy_ContactsPage_test" name="ValidateSuccessfullSubmission" time="13.657"/>
  <testcase classname="com.jupitor.qa.testcases.Toy_ContactsPage_test" name="validateErrors" time="5.379"/>
  <testcase classname="com.jupitor.qa.testcases.Toy_ContactsPage_test" name="Populate_mandatory_filelds" time="5.959"/>
  <testcase classname="com.jupitor.qa.testcases.Toy_ContactsPage_test" name="Validate_Errors_Are_Gone" time="4.866"/>
  <testcase classname="com.jupitor.qa.testcases.Toy_ContactsPage_test" name="verifyContactsLinkTest" time="4.657"/>
</testsuite> <!-- com.jupitor.qa.testcases.Toy_ContactsPage_test -->
